app/build/outputs/logs/manifest-merger-debug-report.txt
-- Merging decision tree log ---
manifest
ADDED from src\main\AndroidManifest.xml:2:1-133:12
INJECTED from src\main\AndroidManifest.xml:2:1-133:12
INJECTED from src\main\AndroidManifest.xml:2:1-133:12
INJECTED from src\main\AndroidManifest.xml:2:1-133:12
MERGED from [com.android.support:appcompat-v7:21.0.3] AndroidManifest.xml:14:4-17:12
MERGED from [com.android.support:support-v4:21.0.3] AndroidManifest.xml:14:4-17:12
MERGED from [com.android.support.constraint:constraint-layout:1.1.3] AndroidManifest.xml:2:1-11:12
MERGED from [com.microsoft.azure.android:azure-storage-android:0.8.0] AndroidManifest.xml:11:1-20:12
INJECTED from src\main\AndroidManifest.xml:2:1-133:12
INJECTED from src\main\AndroidManifest.xml:2:1-133:12
INJECTED from src\main\AndroidManifest.xml:2:1-133:12
	package
		ADDED from src\main\AndroidManifest.xml:3:5-39
		INJECTED from src\main\AndroidManifest.xml
		INJECTED from src\main\AndroidManifest.xml
	android:versionName
		ADDED from src\main\AndroidManifest.xml:5:5-30
		INJECTED from src\main\AndroidManifest.xml
		INJECTED from src\main\AndroidManifest.xml
	xmlns:android
		ADDED from src\main\AndroidManifest.xml:2:11-69
	android:versionCode
		ADDED from src\main\AndroidManifest.xml:4:5-28
		INJECTED from src\main\AndroidManifest.xml
		INJECTED from src\main\AndroidManifest.xml
uses-sdk
ADDED from src\main\AndroidManifest.xml:7:5-10:41
INJECTED from src\main\AndroidManifest.xml:7:5-10:41
INJECTED from src\main\AndroidManifest.xml:7:5-10:41
MERGED from [com.android.support:appcompat-v7:21.0.3] AndroidManifest.xml:15:5-42
MERGED from [com.android.support:appcompat-v7:21.0.3] AndroidManifest.xml:15:5-42
MERGED from [com.android.support:support-v4:21.0.3] AndroidManifest.xml:15:5-42
MERGED from [com.android.support:support-v4:21.0.3] AndroidManifest.xml:15:5-42
MERGED from [com.android.support.constraint:constraint-layout:1.1.3] AndroidManifest.xml:5:5-7:41
MERGED from [com.android.support.constraint:constraint-layout:1.1.3] AndroidManifest.xml:5:5-7:41
MERGED from [com.microsoft.azure.android:azure-storage-android:0.8.0] AndroidManifest.xml:14:38-16:41
MERGED from [com.microsoft.azure.android:azure-storage-android:0.8.0] AndroidManifest.xml:14:38-16:41
INJECTED from src\main\AndroidManifest.xml:7:5-10:41
INJECTED from src\main\AndroidManifest.xml:7:5-10:41
	android:maxSdkVersion
		ADDED from src\main\AndroidManifest.xml:8:9-35
	android:targetSdkVersion
		ADDED from src\main\AndroidManifest.xml:10:9-38
		INJECTED from src\main\AndroidManifest.xml
		INJECTED from src\main\AndroidManifest.xml
	android:minSdkVersion
		ADDED from src\main\AndroidManifest.xml:9:9-35
		INJECTED from src\main\AndroidManifest.xml
		INJECTED from src\main\AndroidManifest.xml
uses-permission#android.permission.ACCESS_NETWORK_STATE
ADDED from src\main\AndroidManifest.xml:12:5-79
	android:name
		ADDED from src\main\AndroidManifest.xml:12:22-76
uses-permission#android.permission.INTERNET
ADDED from src\main\AndroidManifest.xml:13:5-67
MERGED from [com.microsoft.azure.android:azure-storage-android:0.8.0] AndroidManifest.xml:18:5-67
MERGED from [com.microsoft.azure.android:azure-storage-android:0.8.0] AndroidManifest.xml:18:5-67
	android:name
		ADDED from src\main\AndroidManifest.xml:13:22-64
uses-permission#android.permission.CALL_PHONE
ADDED from src\main\AndroidManifest.xml:14:5-69
	android:name
		ADDED from src\main\AndroidManifest.xml:14:22-66
uses-permission#android.permission.ACCESS_FINE_LOCATION
ADDED from src\main\AndroidManifest.xml:15:5-79
	android:name
		ADDED from src\main\AndroidManifest.xml:15:22-76
uses-permission#android.permission.ACCESS_COARSE_LOCATION
ADDED from src\main\AndroidManifest.xml:16:5-81
	android:name
		ADDED from src\main\AndroidManifest.xml:16:22-78
uses-permission#android.permission.CAMERA
ADDED from src\main\AndroidManifest.xml:17:5-65
	android:name
		ADDED from src\main\AndroidManifest.xml:17:22-62
uses-permission#android.permission.READ_PHONE_STATE
ADDED from src\main\AndroidManifest.xml:18:5-75
	android:name
		ADDED from src\main\AndroidManifest.xml:18:22-72
uses-permission#android.permission.VIBRATE
ADDED from src\main\AndroidManifest.xml:19:5-66
	android:name
		ADDED from src\main\AndroidManifest.xml:19:22-63
uses-permission#android.permission.FLASHLIGHT
ADDED from src\main\AndroidManifest.xml:20:5-69
	android:name
		ADDED from src\main\AndroidManifest.xml:20:22-66
uses-permission#android.permission.READ_CONTACTS
ADDED from src\main\AndroidManifest.xml:21:5-72
	android:name
		ADDED from src\main\AndroidManifest.xml:21:22-69
uses-permission#android.permission.WRITE_EXTERNAL_STORAGE
ADDED from src\main\AndroidManifest.xml:22:5-81
	android:name
		ADDED from src\main\AndroidManifest.xml:22:22-78
uses-permission#android.permission.CHANGE_WIFI_STATE
ADDED from src\main\AndroidManifest.xml:23:5-76
	android:name
		ADDED from src\main\AndroidManifest.xml:23:22-73
uses-permission#android.permission.ACCESS_WIFI_STATE
ADDED from src\main\AndroidManifest.xml:24:5-76
	android:name
		ADDED from src\main\AndroidManifest.xml:24:22-73
uses-permission#android.permission.READ_EXTERNAL_STORAGE
ADDED from src\main\AndroidManifest.xml:25:5-80
	android:name
		ADDED from src\main\AndroidManifest.xml:25:22-77
application
ADDED from src\main\AndroidManifest.xml:30:5-131:19
MERGED from [com.android.support:appcompat-v7:21.0.3] AndroidManifest.xml:16:5-19
MERGED from [com.android.support:appcompat-v7:21.0.3] AndroidManifest.xml:16:5-19
MERGED from [com.android.support:support-v4:21.0.3] AndroidManifest.xml:16:5-19
MERGED from [com.android.support:support-v4:21.0.3] AndroidManifest.xml:16:5-19
MERGED from [com.android.support.constraint:constraint-layout:1.1.3] AndroidManifest.xml:9:5-20
MERGED from [com.android.support.constraint:constraint-layout:1.1.3] AndroidManifest.xml:9:5-20
	android:label
		ADDED from src\main\AndroidManifest.xml:34:9-41
	android:icon
		ADDED from src\main\AndroidManifest.xml:33:9-45
	android:allowBackup
		ADDED from src\main\AndroidManifest.xml:32:9-35
	android:theme
		ADDED from src\main\AndroidManifest.xml:35:9-44
	android:name
		ADDED from src\main\AndroidManifest.xml:31:9-44
activity#ar.com.syswork.sysmobile.psplash.ActivitySplash
ADDED from src\main\AndroidManifest.xml:36:9-45:20
	android:label
		ADDED from src\main\AndroidManifest.xml:38:13-45
	android:theme
		ADDED from src\main\AndroidManifest.xml:39:13-38
	android:name
		ADDED from src\main\AndroidManifest.xml:37:13-51
intent-filter#action:name:android.intent.action.MAIN+category:name:android.intent.category.LAUNCHER
ADDED from src\main\AndroidManifest.xml:40:13-44:29
action#android.intent.action.MAIN
ADDED from src\main\AndroidManifest.xml:41:17-69
	android:name
		ADDED from src\main\AndroidManifest.xml:41:25-66
category#android.intent.category.LAUNCHER
ADDED from src\main\AndroidManifest.xml:43:17-77
	android:name
		ADDED from src\main\AndroidManifest.xml:43:27-74
activity#ar.com.syswork.sysmobile.plogin.ActivityLogin
ADDED from src\main\AndroidManifest.xml:46:9-50:71
	android:label
		ADDED from src\main\AndroidManifest.xml:49:13-45
	android:windowSoftInputMode
		ADDED from src\main\AndroidManifest.xml:50:13-68
	android:configChanges
		ADDED from src\main\AndroidManifest.xml:48:13-59
	android:name
		ADDED from src\main\AndroidManifest.xml:47:13-49
activity#ar.com.syswork.sysmobile.pmenuprincipal.ActivityMenuPrincipal
ADDED from src\main\AndroidManifest.xml:51:9-54:79
	android:label
		ADDED from src\main\AndroidManifest.xml:54:13-76
	android:configChanges
		ADDED from src\main\AndroidManifest.xml:53:13-59
	android:name
		ADDED from src\main\AndroidManifest.xml:52:13-65
activity#ar.com.syswork.sysmobile.pconfig.ActivityConfig
ADDED from src\main\AndroidManifest.xml:55:9-57:70
	android:label
		ADDED from src\main\AndroidManifest.xml:57:13-67
	android:name
		ADDED from src\main\AndroidManifest.xml:56:13-51
activity#ar.com.syswork.sysmobile.pconsultaclientes.ActivityConsultaClientes
ADDED from src\main\AndroidManifest.xml:58:9-61:81
	android:label
		ADDED from src\main\AndroidManifest.xml:61:13-78
	android:configChanges
		ADDED from src\main\AndroidManifest.xml:60:13-59
	android:name
		ADDED from src\main\AndroidManifest.xml:59:13-71
activity#ar.com.syswork.sysmobile.pconsultagenerica.detalle.ActivityConsultaGenericaDetalle
ADDED from src\main\AndroidManifest.xml:62:9-65:88
	android:label
		ADDED from src\main\AndroidManifest.xml:65:13-85
	android:configChanges
		ADDED from src\main\AndroidManifest.xml:64:13-59
	android:name
		ADDED from src\main\AndroidManifest.xml:63:13-86
activity#ar.com.syswork.sysmobile.pconsultaarticulos.ActivityConsultaArticulos
ADDED from src\main\AndroidManifest.xml:66:9-69:82
	android:label
		ADDED from src\main\AndroidManifest.xml:69:13-79
	android:configChanges
		ADDED from src\main\AndroidManifest.xml:68:13-59
	android:name
		ADDED from src\main\AndroidManifest.xml:67:13-73
activity#ar.com.syswork.sysmobile.pcargapedidos.ActivityCargaPedidos
ADDED from src\main\AndroidManifest.xml:70:9-73:76
	android:label
		ADDED from src\main\AndroidManifest.xml:73:13-73
	android:configChanges
		ADDED from src\main\AndroidManifest.xml:72:13-59
	android:name
		ADDED from src\main\AndroidManifest.xml:71:13-63
activity#ar.com.syswork.sysmobile.plistapedidos.ActivityListaPedidos
ADDED from src\main\AndroidManifest.xml:74:9-76:77
	android:label
		ADDED from src\main\AndroidManifest.xml:76:13-74
	android:name
		ADDED from src\main\AndroidManifest.xml:75:13-63
activity#ar.com.syswork.sysmobile.psincronizar.ActivitySincronizar
ADDED from src\main\AndroidManifest.xml:77:9-79:75
	android:label
		ADDED from src\main\AndroidManifest.xml:79:13-72
	android:name
		ADDED from src\main\AndroidManifest.xml:78:13-61
activity#ar.com.syswork.sysmobile.penviapendientes.ActivityEnviaPendientes
ADDED from src\main\AndroidManifest.xml:80:9-82:80
	android:label
		ADDED from src\main\AndroidManifest.xml:82:13-77
	android:name
		ADDED from src\main\AndroidManifest.xml:81:13-69
activity#ar.com.syswork.sysmobile.pconsultactacte.ActivityConsultaCtaCte
ADDED from src\main\AndroidManifest.xml:83:9-85:80
	android:label
		ADDED from src\main\AndroidManifest.xml:85:13-77
	android:name
		ADDED from src\main\AndroidManifest.xml:84:13-67
activity#ar.com.syswork.sysmobile.pconsultastock.ActivityConsultaStock
ADDED from src\main\AndroidManifest.xml:86:9-88:78
	android:label
		ADDED from src\main\AndroidManifest.xml:88:13-75
	android:name
		ADDED from src\main\AndroidManifest.xml:87:13-65
activity#ar.com.syswork.sysmobile.item_cheques
ADDED from src\main\AndroidManifest.xml:89:9-91:67
	android:label
		ADDED from src\main\AndroidManifest.xml:91:13-64
	android:name
		ADDED from src\main\AndroidManifest.xml:90:13-41
activity#ar.com.syswork.sysmobile.pconsultactacte.dialog_chequespagos
ADDED from src\main\AndroidManifest.xml:92:9-94:74
	android:label
		ADDED from src\main\AndroidManifest.xml:94:13-71
	android:name
		ADDED from src\main\AndroidManifest.xml:93:13-64
activity#ar.com.syswork.sysmobile.pconsultactacte.dialog_vistaimagen
ADDED from src\main\AndroidManifest.xml:95:9-97:73
	android:label
		ADDED from src\main\AndroidManifest.xml:97:13-70
	android:name
		ADDED from src\main\AndroidManifest.xml:96:13-63
activity#ar.com.syswork.sysmobile.pconsultactacte.reporte_pagos
ADDED from src\main\AndroidManifest.xml:98:9-100:68
	android:label
		ADDED from src\main\AndroidManifest.xml:100:13-65
	android:name
		ADDED from src\main\AndroidManifest.xml:99:13-58
activity#ar.com.syswork.sysmobile.item_reporte
ADDED from src\main\AndroidManifest.xml:101:9-103:67
	android:label
		ADDED from src\main\AndroidManifest.xml:103:13-64
	android:name
		ADDED from src\main\AndroidManifest.xml:102:13-41
activity#ar.com.syswork.sysmobile.plistainventario.InventarioActivity
ADDED from src\main\AndroidManifest.xml:104:9-106:65
	android:label
		ADDED from src\main\AndroidManifest.xml:106:13-62
	android:name
		ADDED from src\main\AndroidManifest.xml:105:13-64
activity#ar.com.syswork.sysmobile.item_lista_inventario
ADDED from src\main\AndroidManifest.xml:107:9-109:76
	android:label
		ADDED from src\main\AndroidManifest.xml:109:13-73
	android:name
		ADDED from src\main\AndroidManifest.xml:108:13-50
activity#ar.com.syswork.sysmobile.pcargainventario.CargaInventarioActivity
ADDED from src\main\AndroidManifest.xml:110:9-112:71
	android:label
		ADDED from src\main\AndroidManifest.xml:112:13-68
	android:name
		ADDED from src\main\AndroidManifest.xml:111:13-69
activity#ar.com.syswork.sysmobile.DialogSolicitarCantidadInventarioActivity
ADDED from src\main\AndroidManifest.xml:113:9-115:91
	android:label
		ADDED from src\main\AndroidManifest.xml:115:13-88
	android:name
		ADDED from src\main\AndroidManifest.xml:114:13-70
activity#ar.com.syswork.sysmobile.ItemCargaInventarioActivity
ADDED from src\main\AndroidManifest.xml:116:9-118:76
	android:label
		ADDED from src\main\AndroidManifest.xml:118:13-73
	android:name
		ADDED from src\main\AndroidManifest.xml:117:13-56
activity#ar.com.syswork.sysmobile.visita
ADDED from src\main\AndroidManifest.xml:119:9-121:61
	android:label
		ADDED from src\main\AndroidManifest.xml:121:13-58
	android:name
		ADDED from src\main\AndroidManifest.xml:120:13-35
activity#ar.com.syswork.sysmobile.fragment_main
ADDED from src\main\AndroidManifest.xml:122:9-124:68
	android:label
		ADDED from src\main\AndroidManifest.xml:124:13-65
	android:name
		ADDED from src\main\AndroidManifest.xml:123:13-42
activity#ar.com.syswork.sysmobile.item_carga_visitas
ADDED from src\main\AndroidManifest.xml:125:9-127:73
	android:label
		ADDED from src\main\AndroidManifest.xml:127:13-70
	android:name
		ADDED from src\main\AndroidManifest.xml:126:13-47
activity#ar.com.syswork.sysmobile.plistavisitas.VisitaActivity
ADDED from src\main\AndroidManifest.xml:128:9-130:66
	android:label
		ADDED from src\main\AndroidManifest.xml:130:13-63
	android:name
		ADDED from src\main\AndroidManifest.xml:129:13-57